<?xml version="1.0" encoding="UTF-8"?>
<testsuite name="PingPongTest" tests="2" skipped="0" failures="0" errors="0" timestamp="2016-02-08T18:44:08" hostname="epicodus-68.local" time="0.002">
  <properties/>
  <testcase name="countPingPong_willReplaceNumbersDivisibleBy3WithPing" classname="PingPongTest" time="0.001"/>
  <testcase name="countPingPong_willReturnAnArray" classname="PingPongTest" time="0.001"/>
  <system-out><![CDATA[]]></system-out>
  <system-err><![CDATA[]]></system-err>
</testsuite>
